<?xml version="1.0" encoding="UTF-8"?>
<!-- Generated by org.testng.reporters.JUnitReportReporter -->
<testsuite skipped="0" hostname="DESKTOP-DS7U327" name="AppiumTutorial.AppiumTest" tests="2" failures="0" timestamp="20 6ì›” 2019 08:25:05 GMT" time="12.765" errors="0">
  <testcase name="editText" time="12.764" classname="AppiumTutorial.AppiumTest"/>
  <testcase name="f" time="0.001" classname="AppiumTutorial.AppiumTest"/>
</testsuite> <!-- AppiumTutorial.AppiumTest -->
