<?xml version="1.0" encoding="UTF-8"?>
<!-- Generated by org.testng.reporters.JUnitReportReporter -->
<testsuite skipped="0" hostname="kysoo-notebook" name="AppiumTutorial.AndroidTestExt" tests="2" failures="0" timestamp="13 6ì›” 2019 03:10:54 GMT" time="13.733" errors="0">
  <testcase name="editText" time="13.732" classname="AppiumTutorial.AndroidTestExt"/>
  <testcase name="f" time="0.001" classname="AppiumTutorial.AndroidTestExt"/>
</testsuite> <!-- AppiumTutorial.AndroidTestExt -->
