<?xml version="1.0" encoding="UTF-8"?>
<!-- Generated by org.testng.reporters.JUnitReportReporter -->
<testsuite skipped="0" hostname="DESKTOP-DS7U327" name="AppiumTutorial.AndroidTestExt" tests="2" failures="0" timestamp="21 6ì›” 2019 01:28:14 GMT" time="12.609" errors="0">
  <testcase name="editText" time="12.608" classname="AppiumTutorial.AndroidTestExt"/>
  <testcase name="f" time="0.001" classname="AppiumTutorial.AndroidTestExt"/>
</testsuite> <!-- AppiumTutorial.AndroidTestExt -->
