<?xml version="1.0" encoding="UTF-8"?>
<!-- Generated by org.testng.reporters.JUnitReportReporter -->
<testsuite skipped="0" hostname="DESKTOP-DS7U327" name="AppiumTutorial.AndroidTest" tests="2" failures="0" timestamp="21 6ì›” 2019 00:53:47 GMT" time="12.974" errors="0">
  <testcase name="editText" time="12.973" classname="AppiumTutorial.AndroidTest"/>
  <testcase name="f" time="0.001" classname="AppiumTutorial.AndroidTest"/>
</testsuite> <!-- AppiumTutorial.AndroidTest -->
