<?xml version="1.0" encoding="UTF-8"?>
<!-- Generated by org.testng.reporters.JUnitReportReporter -->
<testsuite skipped="0" hostname="kysoo-notebook" name="AppiumTutorial.AndroidTest" tests="2" failures="0" timestamp="13 6ì›” 2019 01:33:58 GMT" time="13.200" errors="0">
  <testcase name="f" time="0.002" classname="AppiumTutorial.AndroidTest"/>
  <testcase name="editText" time="13.198" classname="AppiumTutorial.AndroidTest"/>
</testsuite> <!-- AppiumTutorial.AndroidTest -->
